# JRE version: OpenJDK Runtime Environment (21.0.5) (build 21.0.5+-13047016-b750.29)
# Java VM: OpenJDK 64-Bit Server VM (21.0.5+-13047016-b750.29, mixed mode, tiered, compressed oops, compressed class ptrs, g1 gc, windows-amd64)
GC Precious Log:
 CardTable entry size: 512
 Card Set container configuration: InlinePtr #cards 5 size 8 Array Of Cards #cards 12 size 40 Howl #buckets 4 coarsen threshold 1843 Howl Bitmap #cards 512 size 80 coarsen threshold 460 Card regions per heap region 1 cards per card region 2048
 CPUs: 12 total, 12 available
 Memory: 7583M
 Large Page Support: Disabled
 NUMA Support: Disabled
 Compressed Oops: Enabled (32-bit)
 Heap Region Size: 1M
 Heap Min Capacity: 8M
 Heap Initial Capacity: 120M
 Heap Max Capacity: 1896M
 Pre-touch: Disabled
 Parallel Workers: 10
 Concurrent Workers: 3
 Concurrent Refinement Workers: 10
 Periodic GC: Disabled
Heap:
 garbage-first heap   total 61440K, used 45788K [0x0000000089800000, 0x0000000100000000)
  region size 1024K, 24 young (24576K), 4 survivors (4096K)
 Metaspace       used 51287K, committed 51584K, reserved 1114112K
  class space    used 5879K, committed 6016K, reserved 1048576K
GC Heap History (18 events):
Event: 0.355 GC heap before
{Heap before GC invocations=0 (full 0):
 garbage-first heap   total 122880K, used 26624K [0x0000000089800000, 0x0000000100000000)
  region size 1024K, 23 young (23552K), 0 survivors (0K)
 Metaspace       used 14087K, committed 14272K, reserved 1114112K
  class space    used 1328K, committed 1408K, reserved 1048576K
}
Event: 0.359 GC heap after
{Heap after GC invocations=1 (full 0):
 garbage-first heap   total 122880K, used 6144K [0x0000000089800000, 0x0000000100000000)
  region size 1024K, 3 young (3072K), 3 survivors (3072K)
 Metaspace       used 14087K, committed 14272K, reserved 1114112K
  class space    used 1328K, committed 1408K, reserved 1048576K
}
Event: 0.552 GC heap before
{Heap before GC invocations=1 (full 0):
 garbage-first heap   total 122880K, used 26624K [0x0000000089800000, 0x0000000100000000)
  region size 1024K, 25 young (25600K), 3 survivors (3072K)
 Metaspace       used 21298K, committed 21504K, reserved 1114112K
  class space    used 2160K, committed 2240K, reserved 1048576K
}
Event: 0.556 GC heap after
{Heap after GC invocations=2 (full 0):
 garbage-first heap   total 122880K, used 7805K [0x0000000089800000, 0x0000000100000000)
  region size 1024K, 2 young (2048K), 2 survivors (2048K)
 Metaspace       used 21298K, committed 21504K, reserved 1114112K
  class space    used 2160K, committed 2240K, reserved 1048576K
}
Event: 0.761 GC heap before
{Heap before GC invocations=3 (full 0):
 garbage-first heap   total 30720K, used 29309K [0x0000000089800000, 0x0000000100000000)
  region size 1024K, 23 young (23552K), 2 survivors (2048K)
 Metaspace       used 25010K, committed 25280K, reserved 1114112K
  class space    used 2638K, committed 2752K, reserved 1048576K
}
Event: 0.769 GC heap after
{Heap after GC invocations=4 (full 0):
 garbage-first heap   total 37888K, used 13505K [0x0000000089800000, 0x0000000100000000)
  region size 1024K, 7 young (7168K), 7 survivors (7168K)
 Metaspace       used 25010K, committed 25280K, reserved 1114112K
  class space    used 2638K, committed 2752K, reserved 1048576K
}
Event: 0.905 GC heap before
{Heap before GC invocations=4 (full 0):
 garbage-first heap   total 37888K, used 26817K [0x0000000089800000, 0x0000000100000000)
  region size 1024K, 20 young (20480K), 7 survivors (7168K)
 Metaspace       used 28880K, committed 29056K, reserved 1114112K
  class space    used 3058K, committed 3136K, reserved 1048576K
}
Event: 0.912 GC heap after
{Heap after GC invocations=5 (full 0):
 garbage-first heap   total 37888K, used 14112K [0x0000000089800000, 0x0000000100000000)
  region size 1024K, 1 young (1024K), 1 survivors (1024K)
 Metaspace       used 28880K, committed 29056K, reserved 1114112K
  class space    used 3058K, committed 3136K, reserved 1048576K
}
Event: 1.101 GC heap before
{Heap before GC invocations=5 (full 0):
 garbage-first heap   total 37888K, used 30496K [0x0000000089800000, 0x0000000100000000)
  region size 1024K, 17 young (17408K), 1 survivors (1024K)
 Metaspace       used 33735K, committed 33984K, reserved 1114112K
  class space    used 4072K, committed 4160K, reserved 1048576K
}
Event: 1.105 GC heap after
{Heap after GC invocations=6 (full 0):
 garbage-first heap   total 48128K, used 15500K [0x0000000089800000, 0x0000000100000000)
  region size 1024K, 3 young (3072K), 3 survivors (3072K)
 Metaspace       used 33735K, committed 33984K, reserved 1114112K
  class space    used 4072K, committed 4160K, reserved 1048576K
}
Event: 1.180 GC heap before
{Heap before GC invocations=6 (full 0):
 garbage-first heap   total 48128K, used 23692K [0x0000000089800000, 0x0000000100000000)
  region size 1024K, 13 young (13312K), 3 survivors (3072K)
 Metaspace       used 35754K, committed 35968K, reserved 1114112K
  class space    used 4280K, committed 4352K, reserved 1048576K
}
Event: 1.183 GC heap after
{Heap after GC invocations=7 (full 0):
 garbage-first heap   total 48128K, used 15869K [0x0000000089800000, 0x0000000100000000)
  region size 1024K, 2 young (2048K), 2 survivors (2048K)
 Metaspace       used 35754K, committed 35968K, reserved 1114112K
  class space    used 4280K, committed 4352K, reserved 1048576K
}
Event: 1.398 GC heap before
{Heap before GC invocations=8 (full 0):
 garbage-first heap   total 48128K, used 38397K [0x0000000089800000, 0x0000000100000000)
  region size 1024K, 25 young (25600K), 2 survivors (2048K)
 Metaspace       used 42063K, committed 42304K, reserved 1114112K
  class space    used 4928K, committed 4992K, reserved 1048576K
}
Event: 1.402 GC heap after
{Heap after GC invocations=9 (full 0):
 garbage-first heap   total 48128K, used 16893K [0x0000000089800000, 0x0000000100000000)
  region size 1024K, 3 young (3072K), 3 survivors (3072K)
 Metaspace       used 42063K, committed 42304K, reserved 1114112K
  class space    used 4928K, committed 4992K, reserved 1048576K
}
Event: 1.646 GC heap before
{Heap before GC invocations=9 (full 0):
 garbage-first heap   total 48128K, used 39421K [0x0000000089800000, 0x0000000100000000)
  region size 1024K, 26 young (26624K), 3 survivors (3072K)
 Metaspace       used 47062K, committed 47360K, reserved 1114112K
  class space    used 5436K, committed 5568K, reserved 1048576K
}
Event: 1.655 GC heap after
{Heap after GC invocations=10 (full 0):
 garbage-first heap   total 48128K, used 19225K [0x0000000089800000, 0x0000000100000000)
  region size 1024K, 4 young (4096K), 4 survivors (4096K)
 Metaspace       used 47062K, committed 47360K, reserved 1114112K
  class space    used 5436K, committed 5568K, reserved 1048576K
}
Event: 1.883 GC heap before
{Heap before GC invocations=10 (full 0):
 garbage-first heap   total 48128K, used 40729K [0x0000000089800000, 0x0000000100000000)
  region size 1024K, 25 young (25600K), 4 survivors (4096K)
 Metaspace       used 48717K, committed 49024K, reserved 1114112K
  class space    used 5609K, committed 5760K, reserved 1048576K
}
Event: 1.896 GC heap after
{Heap after GC invocations=11 (full 0):
 garbage-first heap   total 61440K, used 25308K [0x0000000089800000, 0x0000000100000000)
  region size 1024K, 4 young (4096K), 4 survivors (4096K)
 Metaspace       used 48717K, committed 49024K, reserved 1114112K
  class space    used 5609K, committed 5760K, reserved 1048576K
}

