# JRE version: OpenJDK Runtime Environment (21.0.5) (build 21.0.5+-13047016-b750.29)
# Java VM: OpenJDK 64-Bit Server VM (21.0.5+-13047016-b750.29, mixed mode, tiered, compressed oops, compressed class ptrs, g1 gc, windows-amd64)
GC Precious Log:
 CardTable entry size: 512
 Card Set container configuration: InlinePtr #cards 5 size 8 Array Of Cards #cards 12 size 40 Howl #buckets 4 coarsen threshold 1843 Howl Bitmap #cards 512 size 80 coarsen threshold 460 Card regions per heap region 1 cards per card region 2048
 CPUs: 12 total, 12 available
 Memory: 7583M
 Large Page Support: Disabled
 NUMA Support: Disabled
 Compressed Oops: Enabled (32-bit)
 Heap Region Size: 1M
 Heap Min Capacity: 8M
 Heap Initial Capacity: 120M
 Heap Max Capacity: 1896M
 Pre-touch: Disabled
 Parallel Workers: 10
 Concurrent Workers: 3
 Concurrent Refinement Workers: 10
 Periodic GC: Disabled
Heap:
 garbage-first heap   total 66560K, used 46955K [0x0000000089800000, 0x0000000100000000)
  region size 1024K, 2 young (2048K), 2 survivors (2048K)
 Metaspace       used 56349K, committed 56704K, reserved 1114112K
  class space    used 6427K, committed 6592K, reserved 1048576K
GC Heap History (20 events):
Event: 0.841 GC heap after
{Heap after GC invocations=5 (full 0):
 garbage-first heap   total 37888K, used 14091K [0x0000000089800000, 0x0000000100000000)
  region size 1024K, 1 young (1024K), 1 survivors (1024K)
 Metaspace       used 28854K, committed 29056K, reserved 1114112K
  class space    used 3055K, committed 3136K, reserved 1048576K
}
Event: 1.020 GC heap before
{Heap before GC invocations=5 (full 0):
 garbage-first heap   total 37888K, used 29451K [0x0000000089800000, 0x0000000100000000)
  region size 1024K, 17 young (17408K), 1 survivors (1024K)
 Metaspace       used 33718K, committed 33984K, reserved 1114112K
  class space    used 4071K, committed 4160K, reserved 1048576K
}
Event: 1.023 GC heap after
{Heap after GC invocations=6 (full 0):
 garbage-first heap   total 49152K, used 15479K [0x0000000089800000, 0x0000000100000000)
  region size 1024K, 3 young (3072K), 3 survivors (3072K)
 Metaspace       used 33718K, committed 33984K, reserved 1114112K
  class space    used 4071K, committed 4160K, reserved 1048576K
}
Event: 1.092 GC heap before
{Heap before GC invocations=6 (full 0):
 garbage-first heap   total 49152K, used 24695K [0x0000000089800000, 0x0000000100000000)
  region size 1024K, 13 young (13312K), 3 survivors (3072K)
 Metaspace       used 35756K, committed 35968K, reserved 1114112K
  class space    used 4280K, committed 4352K, reserved 1048576K
}
Event: 1.095 GC heap after
{Heap after GC invocations=7 (full 0):
 garbage-first heap   total 49152K, used 15869K [0x0000000089800000, 0x0000000100000000)
  region size 1024K, 2 young (2048K), 2 survivors (2048K)
 Metaspace       used 35756K, committed 35968K, reserved 1114112K
  class space    used 4280K, committed 4352K, reserved 1048576K
}
Event: 1.319 GC heap before
{Heap before GC invocations=8 (full 0):
 garbage-first heap   total 49152K, used 39421K [0x0000000089800000, 0x0000000100000000)
  region size 1024K, 26 young (26624K), 2 survivors (2048K)
 Metaspace       used 42207K, committed 42432K, reserved 1114112K
  class space    used 4954K, committed 5056K, reserved 1048576K
}
Event: 1.323 GC heap after
{Heap after GC invocations=9 (full 0):
 garbage-first heap   total 49152K, used 17287K [0x0000000089800000, 0x0000000100000000)
  region size 1024K, 4 young (4096K), 4 survivors (4096K)
 Metaspace       used 42207K, committed 42432K, reserved 1114112K
  class space    used 4954K, committed 5056K, reserved 1048576K
}
Event: 1.591 GC heap before
{Heap before GC invocations=9 (full 0):
 garbage-first heap   total 49152K, used 39815K [0x0000000089800000, 0x0000000100000000)
  region size 1024K, 27 young (27648K), 4 survivors (4096K)
 Metaspace       used 46957K, committed 47232K, reserved 1114112K
  class space    used 5436K, committed 5568K, reserved 1048576K
}
Event: 1.599 GC heap after
{Heap after GC invocations=10 (full 0):
 garbage-first heap   total 49152K, used 19456K [0x0000000089800000, 0x0000000100000000)
  region size 1024K, 4 young (4096K), 4 survivors (4096K)
 Metaspace       used 46957K, committed 47232K, reserved 1114112K
  class space    used 5436K, committed 5568K, reserved 1048576K
}
Event: 1.792 GC heap before
{Heap before GC invocations=10 (full 0):
 garbage-first heap   total 49152K, used 41984K [0x0000000089800000, 0x0000000100000000)
  region size 1024K, 26 young (26624K), 4 survivors (4096K)
 Metaspace       used 48850K, committed 49152K, reserved 1114112K
  class space    used 5645K, committed 5824K, reserved 1048576K
}
Event: 1.804 GC heap after
{Heap after GC invocations=11 (full 0):
 garbage-first heap   total 63488K, used 25600K [0x0000000089800000, 0x0000000100000000)
  region size 1024K, 4 young (4096K), 4 survivors (4096K)
 Metaspace       used 48850K, committed 49152K, reserved 1114112K
  class space    used 5645K, committed 5824K, reserved 1048576K
}
Event: 1.933 GC heap before
{Heap before GC invocations=11 (full 0):
 garbage-first heap   total 63488K, used 51200K [0x0000000089800000, 0x0000000100000000)
  region size 1024K, 29 young (29696K), 4 survivors (4096K)
 Metaspace       used 51181K, committed 51520K, reserved 1114112K
  class space    used 5879K, committed 6016K, reserved 1048576K
}
Event: 1.947 GC heap after
{Heap after GC invocations=12 (full 0):
 garbage-first heap   total 63488K, used 33735K [0x0000000089800000, 0x0000000100000000)
  region size 1024K, 4 young (4096K), 4 survivors (4096K)
 Metaspace       used 51181K, committed 51520K, reserved 1114112K
  class space    used 5879K, committed 6016K, reserved 1048576K
}
Event: 2.061 GC heap before
{Heap before GC invocations=12 (full 0):
 garbage-first heap   total 63488K, used 51143K [0x0000000089800000, 0x0000000100000000)
  region size 1024K, 21 young (21504K), 4 survivors (4096K)
 Metaspace       used 52088K, committed 52416K, reserved 1114112K
  class space    used 5995K, committed 6144K, reserved 1048576K
}
Event: 2.070 GC heap after
{Heap after GC invocations=13 (full 0):
 garbage-first heap   total 63488K, used 39936K [0x0000000089800000, 0x0000000100000000)
  region size 1024K, 3 young (3072K), 3 survivors (3072K)
 Metaspace       used 52088K, committed 52416K, reserved 1114112K
  class space    used 5995K, committed 6144K, reserved 1048576K
}
Event: 2.247 GC heap before
{Heap before GC invocations=14 (full 0):
 garbage-first heap   total 66560K, used 53248K [0x0000000089800000, 0x0000000100000000)
  region size 1024K, 16 young (16384K), 3 survivors (3072K)
 Metaspace       used 52950K, committed 53248K, reserved 1114112K
  class space    used 6115K, committed 6272K, reserved 1048576K
}
Event: 2.256 GC heap after
{Heap after GC invocations=15 (full 0):
 garbage-first heap   total 66560K, used 43520K [0x0000000089800000, 0x0000000100000000)
  region size 1024K, 2 young (2048K), 2 survivors (2048K)
 Metaspace       used 52950K, committed 53248K, reserved 1114112K
  class space    used 6115K, committed 6272K, reserved 1048576K
}
Event: 2.410 GC heap before
{Heap before GC invocations=15 (full 0):
 garbage-first heap   total 66560K, used 55808K [0x0000000089800000, 0x0000000100000000)
  region size 1024K, 14 young (14336K), 2 survivors (2048K)
 Metaspace       used 53673K, committed 54016K, reserved 1114112K
  class space    used 6169K, committed 6336K, reserved 1048576K
}
Event: 2.416 GC heap after
{Heap after GC invocations=16 (full 0):
 garbage-first heap   total 66560K, used 45521K [0x0000000089800000, 0x0000000100000000)
  region size 1024K, 2 young (2048K), 2 survivors (2048K)
 Metaspace       used 53673K, committed 54016K, reserved 1114112K
  class space    used 6169K, committed 6336K, reserved 1048576K
}
Event: 2.585 GC heap before
{Heap before GC invocations=16 (full 0):
 garbage-first heap   total 66560K, used 55761K [0x0000000089800000, 0x0000000100000000)
  region size 1024K, 13 young (13312K), 2 survivors (2048K)
 Metaspace       used 56349K, committed 56704K, reserved 1114112K
  class space    used 6427K, committed 6592K, reserved 1048576K
}

